<?xml version="1.0" encoding="UTF-8"?>
<testsuite name="jogo.JogoTest" time="0.548" tests="1" errors="0" skipped="0" failures="0">
  <properties>
    <property name="java.runtime.name" value="OpenJDK Runtime Environment"/>
    <property name="java.vm.version" value="19.0.2+7-Ubuntu-0ubuntu322.04"/>
    <property name="sun.boot.library.path" value="/usr/lib/jvm/java-19-openjdk-amd64/lib"/>
    <property name="maven.multiModuleProjectDirectory" value="/home/aluno/Documentos/QA/exercicio-mockito-rachel-e-patricia-mockitos"/>
    <property name="java.vm.vendor" value="Private Build"/>
    <property name="java.vendor.url" value="Unknown"/>
    <property name="guice.disable.misplaced.annotation.check" value="true"/>
    <property name="path.separator" value=":"/>
    <property name="java.vm.name" value="OpenJDK 64-Bit Server VM"/>
    <property name="user.country" value="BR"/>
    <property name="sun.java.launcher" value="SUN_STANDARD"/>
    <property name="java.vm.specification.name" value="Java Virtual Machine Specification"/>
    <property name="user.dir" value="/home/aluno/Documentos/QA/exercicio-mockito-rachel-e-patricia-mockitos"/>
    <property name="java.vm.compressedOopsMode" value="32-bit"/>
    <property name="java.runtime.version" value="19.0.2+7-Ubuntu-0ubuntu322.04"/>
    <property name="os.arch" value="amd64"/>
    <property name="java.io.tmpdir" value="/tmp"/>
    <property name="line.separator" value="&#10;"/>
    <property name="java.vm.specification.vendor" value="Oracle Corporation"/>
    <property name="stderr.encoding" value="UTF-8"/>
    <property name="os.name" value="Linux"/>
    <property name="maven.ext.class.path" value="/home/aluno/.vscode/extensions/oracle.oracle-java-24.1.0/nbcode/java/maven-nblib/netbeans-eventspy.jar"/>
    <property name="classworlds.conf" value="/home/aluno/.vscode/extensions/oracle.oracle-java-24.1.0/nbcode/java/maven/bin/m2.conf"/>
    <property name="sun.jnu.encoding" value="UTF-8"/>
    <property name="stdout.encoding" value="UTF-8"/>
    <property name="java.library.path" value="/usr/java/packages/lib:/usr/lib/x86_64-linux-gnu/jni:/lib/x86_64-linux-gnu:/usr/lib/x86_64-linux-gnu:/usr/lib/jni:/lib:/usr/lib"/>
    <property name="maven.conf" value="/home/aluno/.vscode/extensions/oracle.oracle-java-24.1.0/nbcode/java/maven/conf"/>
    <property name="jdk.debug" value="release"/>
    <property name="java.class.version" value="63.0"/>
    <property name="java.specification.name" value="Java Platform API Specification"/>
    <property name="sun.management.compiler" value="HotSpot 64-Bit Tiered Compilers"/>
    <property name="os.version" value="6.8.0-79-generic"/>
    <property name="library.jansi.path" value="/home/aluno/.vscode/extensions/oracle.oracle-java-24.1.0/nbcode/java/maven/lib/jansi-native"/>
    <property name="user.home" value="/home/aluno"/>
    <property name="user.timezone" value="America/Sao_Paulo"/>
    <property name="file.encoding" value="UTF-8"/>
    <property name="java.specification.version" value="19"/>
    <property name="user.name" value="aluno"/>
    <property name="java.class.path" value="/home/aluno/.vscode/extensions/oracle.oracle-java-24.1.0/nbcode/java/maven/boot/plexus-classworlds-2.8.0.jar"/>
    <property name="java.vm.specification.version" value="19"/>
    <property name="sun.arch.data.model" value="64"/>
    <property name="sun.java.command" value="org.codehaus.plexus.classworlds.launcher.Launcher -Dmaven.ext.class.path=/home/aluno/.vscode/extensions/oracle.oracle-java-24.1.0/nbcode/java/maven-nblib/netbeans-eventspy.jar --no-transfer-progress test"/>
    <property name="java.home" value="/usr/lib/jvm/java-19-openjdk-amd64"/>
    <property name="user.language" value="pt"/>
    <property name="java.specification.vendor" value="Oracle Corporation"/>
    <property name="java.vm.info" value="mixed mode, sharing"/>
    <property name="java.version" value="19.0.2"/>
    <property name="native.encoding" value="UTF-8"/>
    <property name="java.vendor" value="Private Build"/>
    <property name="maven.home" value="/home/aluno/.vscode/extensions/oracle.oracle-java-24.1.0/nbcode/java/maven"/>
    <property name="file.separator" value="/"/>
    <property name="java.version.date" value="2023-01-17"/>
    <property name="java.vendor.url.bug" value="Unknown"/>
    <property name="sun.io.unicode.encoding" value="UnicodeLittle"/>
    <property name="sun.cpu.endian" value="little"/>
  </properties>
  <testcase name="jogo.JogoTest.testarJogo" classname="jogo.JogoTest" time="0.548"/>
</testsuite>